2025-04-02 18:41:39.249 | DEBUG    | __main__:sigmoid_derivative:18 - x: [1 2 3]
2025-04-02 18:41:39.252 | DEBUG    | __main__:sigmoid_derivative:19 - s: [0.73105858 0.88079708 0.95257413]
2025-04-02 18:41:39.253 | DEBUG    | __main__:sigmoid_derivative:20 - ds: [0.19661193 0.10499359 0.04517666]
2025-04-02 18:55:47.976 | DEBUG    | __main__:sigmoid_derivative:18 - x: [1 2 3]
2025-04-02 18:55:47.979 | DEBUG    | __main__:sigmoid_derivative:19 - s: [0.73105858 0.88079708 0.95257413]
2025-04-02 18:55:47.980 | DEBUG    | __main__:sigmoid_derivative:20 - ds: [0.19661193 0.10499359 0.04517666]
2025-04-02 19:29:27.300 | DEBUG    | __main__:image2vector:13 - image.shape: (3, 3, 2)
2025-04-02 19:29:48.898 | DEBUG    | __main__:image2vector:13 - image.shape: 3
2025-04-02 19:29:51.022 | DEBUG    | __main__:image2vector:13 - image.shape: 3
2025-04-02 20:04:12.606 | DEBUG    | __main__:normalizeRows:17 - x_norm: [[5.        ]
 [7.28010989]]
2025-04-02 20:04:28.266 | DEBUG    | __main__:normalizeRows:17 - x_norm: [[5.        ]
 [7.28010989]]
2025-04-02 20:04:29.690 | DEBUG    | __main__:normalizeRows:17 - x_norm: [[5.        ]
 [7.28010989]]
2025-04-02 20:04:34.270 | DEBUG    | __main__:normalizeRows:17 - x_norm: [[5.        ]
 [7.28010989]]
2025-04-02 20:05:22.972 | DEBUG    | __main__:normalizeRows:17 - x_norm: [[5.        ]
 [7.28010989]]
2025-04-02 20:07:40.156 | DEBUG    | __main__:normalizeRows:17 - x_norm: [[5.        ]
 [7.28010989]]
2025-04-02 20:07:43.304 | DEBUG    | __main__:normalizeRows:17 - x_norm: [[5.        ]
 [7.28010989]]
2025-04-02 20:07:44.538 | DEBUG    | __main__:normalizeRows:17 - x_norm: [[5.        ]
 [7.28010989]]
